Move: 1
     A B C D E F G H I
   +-------------------+
 9 | . . . . . . . . . |
 8 | . . . . . . . . . |
 7 | . . . . . . . . . |
 6 | . . . . . . . . . |
 5 | . . . . . . . . . |
 4 | . . . . . . . . . |
 3 | . . . X). . . . . |
 2 | . . . . . . . . . |
 1 | . . . . . . . . . |
   +-------------------+
     A B C D E F G H I

Move: 2
     A B C D E F G H I
   +-------------------+
 9 | . . . . . . . . . |
 8 | . . . . . . . . . |
 7 | . . . . . . . . . |
 6 | . . . . . . . . . |
 5 | . . . . . O). . . |
 4 | . . . . . . . . . |
 3 | . . . X . . . . . |
 2 | . . . . . . . . . |
 1 | . . . . . . . . . |
   +-------------------+
     A B C D E F G H I

Move: 3
     A B C D E F G H I
   +-------------------+
 9 | . . . . . . . . . |
 8 | . . . . . . . . . |
 7 | . . X). . . . . . |
 6 | . . . . . . . . . |
 5 | . . . . . O . . . |
 4 | . . . . . . . . . |
 3 | . . . X . . . . . |
 2 | . . . . . . . . . |
 1 | . . . . . . . . . |
   +-------------------+
     A B C D E F G H I

Move: 4
     A B C D E F G H I
   +-------------------+
 9 | . . . . . . . . . |
 8 | . . . . . . . . . |
 7 | . . X . . . . . . |
 6 | . . O). . . . . . |
 5 | . . . . . O . . . |
 4 | . . . . . . . . . |
 3 | . . . X . . . . . |
 2 | . . . . . . . . . |
 1 | . . . . . . . . . |
   +-------------------+
     A B C D E F G H I

Move: 5
     A B C D E F G H I
   +-------------------+
 9 | . . . . . . . . . |
 8 | . . . . . . . . . |
 7 | . . X . . . . . . |
 6 | . . O . . . . . . |
 5 | . . . . . O . . . |
 4 | . . . . . . . . . |
 3 | . . . X . . X). . |
 2 | . . . . . . . . . |
 1 | . . . . . . . . . |
   +-------------------+
     A B C D E F G H I

Move: 6
     A B C D E F G H I
   +-------------------+
 9 | . . . . . . . . . |
 8 | . . . . . . . . . |
 7 | . . X . . . . . . |
 6 | . . O . . . . . . |
 5 | . . . . . O . . . |
 4 | . . . . . . . . . |
 3 | . . . X . . X . . |
 2 | . . . O). . . . . |
 1 | . . . . . . . . . |
   +-------------------+
     A B C D E F G H I

Move: 7
     A B C D E F G H I
   +-------------------+
 9 | . . . . . . . . . |
 8 | . . . . . . . . . |
 7 | . . X . . . . . . |
 6 | . . O . . . . . . |
 5 | . . . . . O . . . |
 4 | . . . . . . . . . |
 3 | . . . X . . X . . |
 2 | . . . O . . . . . |
 1 | . . . . X). . . . |
   +-------------------+
     A B C D E F G H I

Move: 8
     A B C D E F G H I
   +-------------------+
 9 | . . . . . . . . . |
 8 | . . . . . . . . . |
 7 | . . X . . . . . . |
 6 | . . O . . . . . . |
 5 | . . . . . O . . . |
 4 | . . . . . . . . . |
 3 | . . . X . O)X . . |
 2 | . . . O . . . . . |
 1 | . . . . X . . . . |
   +-------------------+
     A B C D E F G H I

Move: 9
     A B C D E F G H I
   +-------------------+
 9 | . . . . . . . . . |
 8 | . . . . . . . . . |
 7 | . . X . . . . . . |
 6 | . . O . . . . . . |
 5 | . . . . X)O . . . |
 4 | . . . . . . . . . |
 3 | . . . X . O X . . |
 2 | . . . O . . . . . |
 1 | . . . . X . . . . |
   +-------------------+
     A B C D E F G H I

Move: 10
     A B C D E F G H I
   +-------------------+
 9 | . . . . . . . . . |
 8 | . . . . . . . . . |
 7 | . . X . . . . . . |
 6 | . . O . . . . . . |
 5 | . . . . X O . . . |
 4 | . . . . . . . O). |
 3 | . . . X . O X . . |
 2 | . . . O . . . . . |
 1 | . . . . X . . . . |
   +-------------------+
     A B C D E F G H I

Move: 11
     A B C D E F G H I
   +-------------------+
 9 | . . . . . . . . . |
 8 | . . . . . . . . . |
 7 | . . X . . . . . . |
 6 | . . O . . . . . . |
 5 | . . . . X O . . . |
 4 | . . . . . X). O . |
 3 | . . . X . O X . . |
 2 | . . . O . . . . . |
 1 | . . . . X . . . . |
   +-------------------+
     A B C D E F G H I

Move: 12
     A B C D E F G H I
   +-------------------+
 9 | . . . . . . . . . |
 8 | . . . . . . . . . |
 7 | . . X . . . . . . |
 6 | . . O O). . . . . |
 5 | . . . . X O . . . |
 4 | . . . . . X . O . |
 3 | . . . X . O X . . |
 2 | . . . O . . . . . |
 1 | . . . . X . . . . |
   +-------------------+
     A B C D E F G H I

Move: 13
     A B C D E F G H I
   +-------------------+
 9 | . . . . . . . . . |
 8 | . . . . . . . X). |
 7 | . . X . . . . . . |
 6 | . . O O . . . . . |
 5 | . . . . X O . . . |
 4 | . . . . . X . O . |
 3 | . . . X . O X . . |
 2 | . . . O . . . . . |
 1 | . . . . X . . . . |
   +-------------------+
     A B C D E F G H I

Move: 14
     A B C D E F G H I
   +-------------------+
 9 | . . . . . . . . . |
 8 | . . . . . . . X . |
 7 | . . X . . . O). . |
 6 | . . O O . . . . . |
 5 | . . . . X O . . . |
 4 | . . . . . X . O . |
 3 | . . . X . O X . . |
 2 | . . . O . . . . . |
 1 | . . . . X . . . . |
   +-------------------+
     A B C D E F G H I

Move: 15
     A B C D E F G H I
   +-------------------+
 9 | . . . . . . . . . |
 8 | . . . . . . . X . |
 7 | . . X . . . O . . |
 6 | X). O O . . . . . |
 5 | . . . . X O . . . |
 4 | . . . . . X . O . |
 3 | . . . X . O X . . |
 2 | . . . O . . . . . |
 1 | . . . . X . . . . |
   +-------------------+
     A B C D E F G H I

Move: 16
     A B C D E F G H I
   +-------------------+
 9 | . . . . . . . . . |
 8 | . . . . . . . X . |
 7 | . . X . . . O . . |
 6 | X . O O . . . . . |
 5 | . . . . X O . . . |
 4 | . . . . . X . O . |
 3 | . . . X . O X . . |
 2 | . . . O O). . . . |
 1 | . . . . X . . . . |
   +-------------------+
     A B C D E F G H I

Move: 17
     A B C D E F G H I
   +-------------------+
 9 | . . . . . . . . . |
 8 | . . . . . . . X . |
 7 | . . X . . X)O . . |
 6 | X . O O . . . . . |
 5 | . . . . X O . . . |
 4 | . . . . . X . O . |
 3 | . . . X . O X . . |
 2 | . . . O O . . . . |
 1 | . . . . X . . . . |
   +-------------------+
     A B C D E F G H I

Move: 18
     A B C D E F G H I
   +-------------------+
 9 | . . . . . . . . . |
 8 | . . . . . . . X . |
 7 | . . X . . X O . . |
 6 | X . O O . . . . . |
 5 | . . . . X O . . . |
 4 | . . . . . X . O . |
 3 | O). . X . O X . . |
 2 | . . . O O . . . . |
 1 | . . . . X . . . . |
   +-------------------+
     A B C D E F G H I

Move: 19
     A B C D E F G H I
   +-------------------+
 9 | . . . . . . . . . |
 8 | . . . . X). . X . |
 7 | . . X . . X O . . |
 6 | X . O O . . . . . |
 5 | . . . . X O . . . |
 4 | . . . . . X . O . |
 3 | O . . X . O X . . |
 2 | . . . O O . . . . |
 1 | . . . . X . . . . |
   +-------------------+
     A B C D E F G H I

Move: 20
     A B C D E F G H I
   +-------------------+
 9 | . . . . . . . . . |
 8 | . . . . X . . X . |
 7 | . . X . . X O . . |
 6 | X . O O . . O). . |
 5 | . . . . X O . . . |
 4 | . . . . . X . O . |
 3 | O . . X . O X . . |
 2 | . . . O O . . . . |
 1 | . . . . X . . . . |
   +-------------------+
     A B C D E F G H I

Move: 21
     A B C D E F G H I
   +-------------------+
 9 | . . . . . . . . . |
 8 | . . . . X . . X . |
 7 | . . X . . X O . . |
 6 | X . O O . . O . . |
 5 | . . . . X O . . . |
 4 | . . . . X)X . O . |
 3 | O . . X . O X . . |
 2 | . . . O O . . . . |
 1 | . . . . X . . . . |
   +-------------------+
     A B C D E F G H I

Move: 22
     A B C D E F G H I
   +-------------------+
 9 | . . . . . . . . . |
 8 | . . . . X O). X . |
 7 | . . X . . X O . . |
 6 | X . O O . . O . . |
 5 | . . . . X O . . . |
 4 | . . . . X X . O . |
 3 | O . . X . O X . . |
 2 | . . . O O . . . . |
 1 | . . . . X . . . . |
   +-------------------+
     A B C D E F G H I

Move: 23
     A B C D E F G H I
   +-------------------+
 9 | . . . . . . . . . |
 8 | . . . . X O . X . |
 7 | . . X . . X O . . |
 6 | X . O O . . O . . |
 5 | . . . . X O . . . |
 4 | . . . X)X X . O . |
 3 | O . . X . O X . . |
 2 | . . . O O . . . . |
 1 | . . . . X . . . . |
   +-------------------+
     A B C D E F G H I

Move: 24
     A B C D E F G H I
   +-------------------+
 9 | . . . . . . . . . |
 8 | . . . . X O . X . |
 7 | . . X . . X O . . |
 6 | X . O O . . O . . |
 5 | . . . . X O . . . |
 4 | . O). X X X . O . |
 3 | O . . X . O X . . |
 2 | . . . O O . . . . |
 1 | . . . . X . . . . |
   +-------------------+
     A B C D E F G H I

Move: 25
     A B C D E F G H I
   +-------------------+
 9 | . . . . . . . . . |
 8 | . . . . X O . X . |
 7 | . . X . . X O . . |
 6 | X . O O X). O . . |
 5 | . . . . X O . . . |
 4 | . O . X X X . O . |
 3 | O . . X . O X . . |
 2 | . . . O O . . . . |
 1 | . . . . X . . . . |
   +-------------------+
     A B C D E F G H I

Move: 26
     A B C D E F G H I
   +-------------------+
 9 | . . . . . . . . . |
 8 | . . . . X O . X . |
 7 | . . X . O)X O . . |
 6 | X . O O X . O . . |
 5 | . . . . X O . . . |
 4 | . O . X X X . O . |
 3 | O . . X . O X . . |
 2 | . . . O O . . . . |
 1 | . . . . X . . . . |
   +-------------------+
     A B C D E F G H I

Move: 27
     A B C D E F G H I
   +-------------------+
 9 | . . . . . . . . . |
 8 | . . . . X O X)X . |
 7 | . . X . O X O . . |
 6 | X . O O X . O . . |
 5 | . . . . X O . . . |
 4 | . O . X X X . O . |
 3 | O . . X . O X . . |
 2 | . . . O O . . . . |
 1 | . . . . X . . . . |
   +-------------------+
     A B C D E F G H I

Move: 28
     A B C D E F G H I
   +-------------------+
 9 | . . . . . . . . . |
 8 | . . . . X O X X . |
 7 | . . X . O X O . . |
 6 | X . O O X . O . . |
 5 | . . . . X O . . . |
 4 | . O . X X X . O . |
 3 | O . . X . O X . O)|
 2 | . . . O O . . . . |
 1 | . . . . X . . . . |
   +-------------------+
     A B C D E F G H I

Move: 29
     A B C D E F G H I
   +-------------------+
 9 | . . . . . . . . . |
 8 | . . . . X O X X . |
 7 | . . X . O X O . . |
 6 | X . O O X . O . . |
 5 | . . . X)X O . . . |
 4 | . O . X X X . O . |
 3 | O . . X . O X . O |
 2 | . . . O O . . . . |
 1 | . . . . X . . . . |
   +-------------------+
     A B C D E F G H I

Move: 30
     A B C D E F G H I
   +-------------------+
 9 | . . . . . . . . . |
 8 | . . . . X O X X . |
 7 | . . X . O X O . . |
 6 | X . O O X . O . . |
 5 | . . . X X O . . . |
 4 | . O O)X X X . O . |
 3 | O . . X . O X . O |
 2 | . . . O O . . . . |
 1 | . . . . X . . . . |
   +-------------------+
     A B C D E F G H I

Move: 31
     A B C D E F G H I
   +-------------------+
 9 | . . . . . . . X). |
 8 | . . . . X O X X . |
 7 | . . X . O X O . . |
 6 | X . O O X . O . . |
 5 | . . . X X O . . . |
 4 | . O O X X X . O . |
 3 | O . . X . O X . O |
 2 | . . . O O . . . . |
 1 | . . . . X . . . . |
   +-------------------+
     A B C D E F G H I

round 0 completed takes 31 steps
win
Move: 1
     A B C D E F G H I
   +-------------------+
 9 | . . . . . . . . . |
 8 | . . . . . . . . . |
 7 | . . . . . . . . . |
 6 | . . . . . . . . . |
 5 | . . . X). . . . . |
 4 | . . . . . . . . . |
 3 | . . . . . . . . . |
 2 | . . . . . . . . . |
 1 | . . . . . . . . . |
   +-------------------+
     A B C D E F G H I

Move: 2
     A B C D E F G H I
   +-------------------+
 9 | . . . . . . . . . |
 8 | . . . . . . . . . |
 7 | . . . . . . . . . |
 6 | . . . . . . . . . |
 5 | . . . X . . . . . |
 4 | . . . . . . . . . |
 3 | . . . O). . . . . |
 2 | . . . . . . . . . |
 1 | . . . . . . . . . |
   +-------------------+
     A B C D E F G H I

Move: 3
     A B C D E F G H I
   +-------------------+
 9 | . . . . . . . . . |
 8 | . . . . . . . . . |
 7 | . . . . . . . . . |
 6 | . . . . . . . . . |
 5 | . . . X . . X). . |
 4 | . . . . . . . . . |
 3 | . . . O . . . . . |
 2 | . . . . . . . . . |
 1 | . . . . . . . . . |
   +-------------------+
     A B C D E F G H I

Move: 4
     A B C D E F G H I
   +-------------------+
 9 | . . . . . . . . . |
 8 | . . . O). . . . . |
 7 | . . . . . . . . . |
 6 | . . . . . . . . . |
 5 | . . . X . . X . . |
 4 | . . . . . . . . . |
 3 | . . . O . . . . . |
 2 | . . . . . . . . . |
 1 | . . . . . . . . . |
   +-------------------+
     A B C D E F G H I

Move: 5
     A B C D E F G H I
   +-------------------+
 9 | . . . . . . . . . |
 8 | . . . O . . . . . |
 7 | . . . . . . . . . |
 6 | . . . . . . . . . |
 5 | . . . X . . X . . |
 4 | . . . . . . . . . |
 3 | . . . O . . . . . |
 2 | . . . X). . . . . |
 1 | . . . . . . . . . |
   +-------------------+
     A B C D E F G H I

Move: 6
     A B C D E F G H I
   +-------------------+
 9 | . . . . . . . . . |
 8 | . . . O . . O). . |
 7 | . . . . . . . . . |
 6 | . . . . . . . . . |
 5 | . . . X . . X . . |
 4 | . . . . . . . . . |
 3 | . . . O . . . . . |
 2 | . . . X . . . . . |
 1 | . . . . . . . . . |
   +-------------------+
     A B C D E F G H I

Move: 7
     A B C D E F G H I
   +-------------------+
 9 | . . . . . . . . . |
 8 | . . . O . . O . . |
 7 | . . . . . . . . . |
 6 | . . . . . . . X). |
 5 | . . . X . . X . . |
 4 | . . . . . . . . . |
 3 | . . . O . . . . . |
 2 | . . . X . . . . . |
 1 | . . . . . . . . . |
   +-------------------+
     A B C D E F G H I

Move: 8
     A B C D E F G H I
   +-------------------+
 9 | . . . . . . . . . |
 8 | . . . O . . O . . |
 7 | . . . . . . . . . |
 6 | . . . . . . . X . |
 5 | . . . X . . X . . |
 4 | . . . . . O). . . |
 3 | . . . O . . . . . |
 2 | . . . X . . . . . |
 1 | . . . . . . . . . |
   +-------------------+
     A B C D E F G H I

Move: 9
     A B C D E F G H I
   +-------------------+
 9 | . . . . . . . . . |
 8 | . . . O . . O . . |
 7 | . . . . . . . . . |
 6 | . . . . . . . X . |
 5 | . . . X . . X . . |
 4 | . . . . . O . . . |
 3 | . . . O . . . . . |
 2 | . . . X . . . . . |
 1 | . . . . X). . . . |
   +-------------------+
     A B C D E F G H I

Move: 10
     A B C D E F G H I
   +-------------------+
 9 | . . . . . . . . . |
 8 | . . . O . . O . . |
 7 | . . . . . . . . . |
 6 | . . . . . . . X . |
 5 | O). . X . . X . . |
 4 | . . . . . O . . . |
 3 | . . . O . . . . . |
 2 | . . . X . . . . . |
 1 | . . . . X . . . . |
   +-------------------+
     A B C D E F G H I

Move: 11
     A B C D E F G H I
   +-------------------+
 9 | . . . . . . . . . |
 8 | . . . O . . O . . |
 7 | . . . . . . . . . |
 6 | . . . . . . . X . |
 5 | O . . X . . X . . |
 4 | . . . . . O . . . |
 3 | . . . O . . . . . |
 2 | . . . X . . . . . |
 1 | . X). . X . . . . |
   +-------------------+
     A B C D E F G H I

Move: 12
     A B C D E F G H I
   +-------------------+
 9 | . . . . . . . . . |
 8 | . . . O . . O . . |
 7 | . . . . . . . . . |
 6 | . . . . . . . X . |
 5 | O . . X . . X . . |
 4 | . . . . . O . . . |
 3 | . . . O . . . . . |
 2 | . . . X . . O). . |
 1 | . X . . X . . . . |
   +-------------------+
     A B C D E F G H I

